<?xml version="1.0" encoding="UTF-8"?>
<testng-results ignored="0" total="1" passed="1" failed="0" skipped="0">
  <reporter-output>
  </reporter-output>
  <suite started-at="2021-07-26T13:16:22Z" name="SeleniumTest" finished-at="2021-07-26T13:18:19Z" duration-ms="117052">
    <groups>
    </groups>
    <test started-at="2021-07-26T13:16:22Z" name="Testcycle1" finished-at="2021-07-26T13:18:19Z" duration-ms="117052">
      <class name="com.qa.testScripts.TestCase1">
        <test-method signature="setup()[pri:0, instance:com.qa.testScripts.TestCase1@2df32bf7]" started-at="2021-07-26T13:16:22Z" name="setup" finished-at="2021-07-26T13:18:19Z" duration-ms="117021" status="PASS">
          <reporter-output>
          </reporter-output>
        </test-method> <!-- setup -->
      </class> <!-- com.qa.testScripts.TestCase1 -->
    </test> <!-- Testcycle1 -->
  </suite> <!-- SeleniumTest -->
</testng-results>
